The system is: Linux - 2.6.32-754.el6.x86_64 - x86_64
Compiling the C compiler identification source file "CMakeCCompilerId.c" succeeded.
Compiler: /local/software/gcc/8.2.0/bin/gcc 
Build flags: 
Id flags:  

The output was:
0


Compilation of the C compiler identification source "CMakeCCompilerId.c" produced "a.out"

The C compiler identification is GNU, found in "/lyceum/rz2u19/DeepRL/build/CMakeFiles/3.8.2/CompilerIdC/a.out"

Compiling the CXX compiler identification source file "CMakeCXXCompilerId.cpp" succeeded.
Compiler: /local/software/gcc/8.2.0/bin/g++ 
Build flags: 
Id flags:  

The output was:
0


Compilation of the CXX compiler identification source "CMakeCXXCompilerId.cpp" produced "a.out"

The CXX compiler identification is GNU, found in "/lyceum/rz2u19/DeepRL/build/CMakeFiles/3.8.2/CompilerIdCXX/a.out"

Determining if the C compiler works passed with the following output:
Change Dir: /lyceum/rz2u19/DeepRL/build/CMakeFiles/CMakeTmp

Run Build Command:"/usr/bin/gmake" "cmTC_7b854/fast"
/usr/bin/gmake -f CMakeFiles/cmTC_7b854.dir/build.make CMakeFiles/cmTC_7b854.dir/build
gmake[1]: Entering directory `/home/lyceum/rz2u19/DeepRL/build/CMakeFiles/CMakeTmp'
Building C object CMakeFiles/cmTC_7b854.dir/testCCompiler.c.o
/local/software/gcc/8.2.0/bin/gcc    -o CMakeFiles/cmTC_7b854.dir/testCCompiler.c.o   -c /lyceum/rz2u19/DeepRL/build/CMakeFiles/CMakeTmp/testCCompiler.c
Linking C executable cmTC_7b854
/home/local/software/cmake/3.8.2/bin/cmake -E cmake_link_script CMakeFiles/cmTC_7b854.dir/link.txt --verbose=1
/local/software/gcc/8.2.0/bin/gcc      CMakeFiles/cmTC_7b854.dir/testCCompiler.c.o  -o cmTC_7b854 
gmake[1]: Leaving directory `/home/lyceum/rz2u19/DeepRL/build/CMakeFiles/CMakeTmp'


Detecting C compiler ABI info compiled with the following output:
Change Dir: /lyceum/rz2u19/DeepRL/build/CMakeFiles/CMakeTmp

Run Build Command:"/usr/bin/gmake" "cmTC_f61ee/fast"
/usr/bin/gmake -f CMakeFiles/cmTC_f61ee.dir/build.make CMakeFiles/cmTC_f61ee.dir/build
gmake[1]: Entering directory `/home/lyceum/rz2u19/DeepRL/build/CMakeFiles/CMakeTmp'
Building C object CMakeFiles/cmTC_f61ee.dir/CMakeCCompilerABI.c.o
/local/software/gcc/8.2.0/bin/gcc    -o CMakeFiles/cmTC_f61ee.dir/CMakeCCompilerABI.c.o   -c /home/local/software/cmake/3.8.2/share/cmake-3.8/Modules/CMakeCCompilerABI.c
Linking C executable cmTC_f61ee
/home/local/software/cmake/3.8.2/bin/cmake -E cmake_link_script CMakeFiles/cmTC_f61ee.dir/link.txt --verbose=1
/local/software/gcc/8.2.0/bin/gcc     -v CMakeFiles/cmTC_f61ee.dir/CMakeCCompilerABI.c.o  -o cmTC_f61ee 
Using built-in specs.
COLLECT_GCC=/local/software/gcc/8.2.0/bin/gcc
COLLECT_LTO_WRAPPER=/home/local/software/gcc/8.2.0/bin/../libexec/gcc/x86_64-pc-linux-gnu/8.2.0/lto-wrapper
Target: x86_64-pc-linux-gnu
Configured with: ../source/gcc-8.2.0/configure --prefix=/local/software/gcc/8.2.0/
Thread model: posix
gcc version 8.2.0 (GCC) 
COMPILER_PATH=/home/local/software/gcc/8.2.0/bin/../libexec/gcc/x86_64-pc-linux-gnu/8.2.0/:/home/local/software/gcc/8.2.0/bin/../libexec/gcc/
LIBRARY_PATH=/home/local/software/gcc/8.2.0/bin/../lib/gcc/x86_64-pc-linux-gnu/8.2.0/:/home/local/software/gcc/8.2.0/bin/../lib/gcc/:/home/local/software/gcc/8.2.0/bin/../lib/gcc/x86_64-pc-linux-gnu/8.2.0/../../../../lib64/:/lib/../lib64/:/usr/lib/../lib64/:/home/local/software/gcc/8.2.0/bin/../lib/gcc/x86_64-pc-linux-gnu/8.2.0/../../../:/lib/:/usr/lib/
COLLECT_GCC_OPTIONS='-v' '-o' 'cmTC_f61ee' '-mtune=generic' '-march=x86-64'
 /home/local/software/gcc/8.2.0/bin/../libexec/gcc/x86_64-pc-linux-gnu/8.2.0/collect2 --eh-frame-hdr -m elf_x86_64 -dynamic-linker /lib64/ld-linux-x86-64.so.2 -o cmTC_f61ee /usr/lib/../lib64/crt1.o /usr/lib/../lib64/crti.o /home/local/software/gcc/8.2.0/bin/../lib/gcc/x86_64-pc-linux-gnu/8.2.0/crtbegin.o -L/home/local/software/gcc/8.2.0/bin/../lib/gcc/x86_64-pc-linux-gnu/8.2.0 -L/home/local/software/gcc/8.2.0/bin/../lib/gcc -L/home/local/software/gcc/8.2.0/bin/../lib/gcc/x86_64-pc-linux-gnu/8.2.0/../../../../lib64 -L/lib/../lib64 -L/usr/lib/../lib64 -L/home/local/software/gcc/8.2.0/bin/../lib/gcc/x86_64-pc-linux-gnu/8.2.0/../../.. CMakeFiles/cmTC_f61ee.dir/CMakeCCompilerABI.c.o -lgcc --as-needed -lgcc_s --no-as-needed -lc -lgcc --as-needed -lgcc_s --no-as-needed /home/local/software/gcc/8.2.0/bin/../lib/gcc/x86_64-pc-linux-gnu/8.2.0/crtend.o /usr/lib/../lib64/crtn.o
COLLECT_GCC_OPTIONS='-v' '-o' 'cmTC_f61ee' '-mtune=generic' '-march=x86-64'
gmake[1]: Leaving directory `/home/lyceum/rz2u19/DeepRL/build/CMakeFiles/CMakeTmp'


Parsed C implicit link information from above output:
  link line regex: [^( *|.*[/\])(ld|([^/\]+-)?ld|collect2)[^/\]*( |$)]
  ignore line: [Change Dir: /lyceum/rz2u19/DeepRL/build/CMakeFiles/CMakeTmp]
  ignore line: []
  ignore line: [Run Build Command:"/usr/bin/gmake" "cmTC_f61ee/fast"]
  ignore line: [/usr/bin/gmake -f CMakeFiles/cmTC_f61ee.dir/build.make CMakeFiles/cmTC_f61ee.dir/build]
  ignore line: [gmake[1]: Entering directory `/home/lyceum/rz2u19/DeepRL/build/CMakeFiles/CMakeTmp']
  ignore line: [Building C object CMakeFiles/cmTC_f61ee.dir/CMakeCCompilerABI.c.o]
  ignore line: [/local/software/gcc/8.2.0/bin/gcc    -o CMakeFiles/cmTC_f61ee.dir/CMakeCCompilerABI.c.o   -c /home/local/software/cmake/3.8.2/share/cmake-3.8/Modules/CMakeCCompilerABI.c]
  ignore line: [Linking C executable cmTC_f61ee]
  ignore line: [/home/local/software/cmake/3.8.2/bin/cmake -E cmake_link_script CMakeFiles/cmTC_f61ee.dir/link.txt --verbose=1]
  ignore line: [/local/software/gcc/8.2.0/bin/gcc     -v CMakeFiles/cmTC_f61ee.dir/CMakeCCompilerABI.c.o  -o cmTC_f61ee ]
  ignore line: [Using built-in specs.]
  ignore line: [COLLECT_GCC=/local/software/gcc/8.2.0/bin/gcc]
  ignore line: [COLLECT_LTO_WRAPPER=/home/local/software/gcc/8.2.0/bin/../libexec/gcc/x86_64-pc-linux-gnu/8.2.0/lto-wrapper]
  ignore line: [Target: x86_64-pc-linux-gnu]
  ignore line: [Configured with: ../source/gcc-8.2.0/configure --prefix=/local/software/gcc/8.2.0/]
  ignore line: [Thread model: posix]
  ignore line: [gcc version 8.2.0 (GCC) ]
  ignore line: [COMPILER_PATH=/home/local/software/gcc/8.2.0/bin/../libexec/gcc/x86_64-pc-linux-gnu/8.2.0/:/home/local/software/gcc/8.2.0/bin/../libexec/gcc/]
  ignore line: [LIBRARY_PATH=/home/local/software/gcc/8.2.0/bin/../lib/gcc/x86_64-pc-linux-gnu/8.2.0/:/home/local/software/gcc/8.2.0/bin/../lib/gcc/:/home/local/software/gcc/8.2.0/bin/../lib/gcc/x86_64-pc-linux-gnu/8.2.0/../../../../lib64/:/lib/../lib64/:/usr/lib/../lib64/:/home/local/software/gcc/8.2.0/bin/../lib/gcc/x86_64-pc-linux-gnu/8.2.0/../../../:/lib/:/usr/lib/]
  ignore line: [COLLECT_GCC_OPTIONS='-v' '-o' 'cmTC_f61ee' '-mtune=generic' '-march=x86-64']
  link line: [ /home/local/software/gcc/8.2.0/bin/../libexec/gcc/x86_64-pc-linux-gnu/8.2.0/collect2 --eh-frame-hdr -m elf_x86_64 -dynamic-linker /lib64/ld-linux-x86-64.so.2 -o cmTC_f61ee /usr/lib/../lib64/crt1.o /usr/lib/../lib64/crti.o /home/local/software/gcc/8.2.0/bin/../lib/gcc/x86_64-pc-linux-gnu/8.2.0/crtbegin.o -L/home/local/software/gcc/8.2.0/bin/../lib/gcc/x86_64-pc-linux-gnu/8.2.0 -L/home/local/software/gcc/8.2.0/bin/../lib/gcc -L/home/local/software/gcc/8.2.0/bin/../lib/gcc/x86_64-pc-linux-gnu/8.2.0/../../../../lib64 -L/lib/../lib64 -L/usr/lib/../lib64 -L/home/local/software/gcc/8.2.0/bin/../lib/gcc/x86_64-pc-linux-gnu/8.2.0/../../.. CMakeFiles/cmTC_f61ee.dir/CMakeCCompilerABI.c.o -lgcc --as-needed -lgcc_s --no-as-needed -lc -lgcc --as-needed -lgcc_s --no-as-needed /home/local/software/gcc/8.2.0/bin/../lib/gcc/x86_64-pc-linux-gnu/8.2.0/crtend.o /usr/lib/../lib64/crtn.o]
    arg [/home/local/software/gcc/8.2.0/bin/../libexec/gcc/x86_64-pc-linux-gnu/8.2.0/collect2] ==> ignore
    arg [--eh-frame-hdr] ==> ignore
    arg [-m] ==> ignore
    arg [elf_x86_64] ==> ignore
    arg [-dynamic-linker] ==> ignore
    arg [/lib64/ld-linux-x86-64.so.2] ==> ignore
    arg [-o] ==> ignore
    arg [cmTC_f61ee] ==> ignore
    arg [/usr/lib/../lib64/crt1.o] ==> ignore
    arg [/usr/lib/../lib64/crti.o] ==> ignore
    arg [/home/local/software/gcc/8.2.0/bin/../lib/gcc/x86_64-pc-linux-gnu/8.2.0/crtbegin.o] ==> ignore
    arg [-L/home/local/software/gcc/8.2.0/bin/../lib/gcc/x86_64-pc-linux-gnu/8.2.0] ==> dir [/home/local/software/gcc/8.2.0/bin/../lib/gcc/x86_64-pc-linux-gnu/8.2.0]
    arg [-L/home/local/software/gcc/8.2.0/bin/../lib/gcc] ==> dir [/home/local/software/gcc/8.2.0/bin/../lib/gcc]
    arg [-L/home/local/software/gcc/8.2.0/bin/../lib/gcc/x86_64-pc-linux-gnu/8.2.0/../../../../lib64] ==> dir [/home/local/software/gcc/8.2.0/bin/../lib/gcc/x86_64-pc-linux-gnu/8.2.0/../../../../lib64]
    arg [-L/lib/../lib64] ==> dir [/lib/../lib64]
    arg [-L/usr/lib/../lib64] ==> dir [/usr/lib/../lib64]
    arg [-L/home/local/software/gcc/8.2.0/bin/../lib/gcc/x86_64-pc-linux-gnu/8.2.0/../../..] ==> dir [/home/local/software/gcc/8.2.0/bin/../lib/gcc/x86_64-pc-linux-gnu/8.2.0/../../..]
    arg [CMakeFiles/cmTC_f61ee.dir/CMakeCCompilerABI.c.o] ==> ignore
    arg [-lgcc] ==> lib [gcc]
    arg [--as-needed] ==> ignore
    arg [-lgcc_s] ==> lib [gcc_s]
    arg [--no-as-needed] ==> ignore
    arg [-lc] ==> lib [c]
    arg [-lgcc] ==> lib [gcc]
    arg [--as-needed] ==> ignore
    arg [-lgcc_s] ==> lib [gcc_s]
    arg [--no-as-needed] ==> ignore
    arg [/home/local/software/gcc/8.2.0/bin/../lib/gcc/x86_64-pc-linux-gnu/8.2.0/crtend.o] ==> ignore
    arg [/usr/lib/../lib64/crtn.o] ==> ignore
  remove lib [gcc]
  remove lib [gcc_s]
  remove lib [gcc]
  remove lib [gcc_s]
  collapse library dir [/home/local/software/gcc/8.2.0/bin/../lib/gcc/x86_64-pc-linux-gnu/8.2.0] ==> [/home/local/software/gcc/8.2.0/lib/gcc/x86_64-pc-linux-gnu/8.2.0]
  collapse library dir [/home/local/software/gcc/8.2.0/bin/../lib/gcc] ==> [/home/local/software/gcc/8.2.0/lib/gcc]
  collapse library dir [/home/local/software/gcc/8.2.0/bin/../lib/gcc/x86_64-pc-linux-gnu/8.2.0/../../../../lib64] ==> [/home/local/software/gcc/8.2.0/lib64]
  collapse library dir [/lib/../lib64] ==> [/lib64]
  collapse library dir [/usr/lib/../lib64] ==> [/usr/lib64]
  collapse library dir [/home/local/software/gcc/8.2.0/bin/../lib/gcc/x86_64-pc-linux-gnu/8.2.0/../../..] ==> [/home/local/software/gcc/8.2.0/lib]
  implicit libs: [c]
  implicit dirs: [/home/local/software/gcc/8.2.0/lib/gcc/x86_64-pc-linux-gnu/8.2.0;/home/local/software/gcc/8.2.0/lib/gcc;/home/local/software/gcc/8.2.0/lib64;/lib64;/usr/lib64;/home/local/software/gcc/8.2.0/lib]
  implicit fwks: []




Detecting C [-std=c11] compiler features compiled with the following output:
Change Dir: /lyceum/rz2u19/DeepRL/build/CMakeFiles/CMakeTmp

Run Build Command:"/usr/bin/gmake" "cmTC_fa4f5/fast"
/usr/bin/gmake -f CMakeFiles/cmTC_fa4f5.dir/build.make CMakeFiles/cmTC_fa4f5.dir/build
gmake[1]: Entering directory `/home/lyceum/rz2u19/DeepRL/build/CMakeFiles/CMakeTmp'
Building C object CMakeFiles/cmTC_fa4f5.dir/feature_tests.c.o
/local/software/gcc/8.2.0/bin/gcc   -std=c11 -o CMakeFiles/cmTC_fa4f5.dir/feature_tests.c.o   -c /lyceum/rz2u19/DeepRL/build/CMakeFiles/feature_tests.c
Linking C executable cmTC_fa4f5
/home/local/software/cmake/3.8.2/bin/cmake -E cmake_link_script CMakeFiles/cmTC_fa4f5.dir/link.txt --verbose=1
/local/software/gcc/8.2.0/bin/gcc      CMakeFiles/cmTC_fa4f5.dir/feature_tests.c.o  -o cmTC_fa4f5 
gmake[1]: Leaving directory `/home/lyceum/rz2u19/DeepRL/build/CMakeFiles/CMakeTmp'


    Feature record: C_FEATURE:1c_function_prototypes
    Feature record: C_FEATURE:1c_restrict
    Feature record: C_FEATURE:1c_static_assert
    Feature record: C_FEATURE:1c_variadic_macros


Detecting C [-std=c99] compiler features compiled with the following output:
Change Dir: /lyceum/rz2u19/DeepRL/build/CMakeFiles/CMakeTmp

Run Build Command:"/usr/bin/gmake" "cmTC_d84d9/fast"
/usr/bin/gmake -f CMakeFiles/cmTC_d84d9.dir/build.make CMakeFiles/cmTC_d84d9.dir/build
gmake[1]: Entering directory `/home/lyceum/rz2u19/DeepRL/build/CMakeFiles/CMakeTmp'
Building C object CMakeFiles/cmTC_d84d9.dir/feature_tests.c.o
/local/software/gcc/8.2.0/bin/gcc   -std=c99 -o CMakeFiles/cmTC_d84d9.dir/feature_tests.c.o   -c /lyceum/rz2u19/DeepRL/build/CMakeFiles/feature_tests.c
Linking C executable cmTC_d84d9
/home/local/software/cmake/3.8.2/bin/cmake -E cmake_link_script CMakeFiles/cmTC_d84d9.dir/link.txt --verbose=1
/local/software/gcc/8.2.0/bin/gcc      CMakeFiles/cmTC_d84d9.dir/feature_tests.c.o  -o cmTC_d84d9 
gmake[1]: Leaving directory `/home/lyceum/rz2u19/DeepRL/build/CMakeFiles/CMakeTmp'


    Feature record: C_FEATURE:1c_function_prototypes
    Feature record: C_FEATURE:1c_restrict
    Feature record: C_FEATURE:0c_static_assert
    Feature record: C_FEATURE:1c_variadic_macros


Detecting C [-std=c90] compiler features compiled with the following output:
Change Dir: /lyceum/rz2u19/DeepRL/build/CMakeFiles/CMakeTmp

Run Build Command:"/usr/bin/gmake" "cmTC_18427/fast"
/usr/bin/gmake -f CMakeFiles/cmTC_18427.dir/build.make CMakeFiles/cmTC_18427.dir/build
gmake[1]: Entering directory `/home/lyceum/rz2u19/DeepRL/build/CMakeFiles/CMakeTmp'
Building C object CMakeFiles/cmTC_18427.dir/feature_tests.c.o
/local/software/gcc/8.2.0/bin/gcc   -std=c90 -o CMakeFiles/cmTC_18427.dir/feature_tests.c.o   -c /lyceum/rz2u19/DeepRL/build/CMakeFiles/feature_tests.c
Linking C executable cmTC_18427
/home/local/software/cmake/3.8.2/bin/cmake -E cmake_link_script CMakeFiles/cmTC_18427.dir/link.txt --verbose=1
/local/software/gcc/8.2.0/bin/gcc      CMakeFiles/cmTC_18427.dir/feature_tests.c.o  -o cmTC_18427 
gmake[1]: Leaving directory `/home/lyceum/rz2u19/DeepRL/build/CMakeFiles/CMakeTmp'


    Feature record: C_FEATURE:1c_function_prototypes
    Feature record: C_FEATURE:0c_restrict
    Feature record: C_FEATURE:0c_static_assert
    Feature record: C_FEATURE:0c_variadic_macros
Determining if the CXX compiler works passed with the following output:
Change Dir: /lyceum/rz2u19/DeepRL/build/CMakeFiles/CMakeTmp

Run Build Command:"/usr/bin/gmake" "cmTC_e5fc1/fast"
/usr/bin/gmake -f CMakeFiles/cmTC_e5fc1.dir/build.make CMakeFiles/cmTC_e5fc1.dir/build
gmake[1]: Entering directory `/home/lyceum/rz2u19/DeepRL/build/CMakeFiles/CMakeTmp'
Building CXX object CMakeFiles/cmTC_e5fc1.dir/testCXXCompiler.cxx.o
/local/software/gcc/8.2.0/bin/g++     -o CMakeFiles/cmTC_e5fc1.dir/testCXXCompiler.cxx.o -c /lyceum/rz2u19/DeepRL/build/CMakeFiles/CMakeTmp/testCXXCompiler.cxx
Linking CXX executable cmTC_e5fc1
/home/local/software/cmake/3.8.2/bin/cmake -E cmake_link_script CMakeFiles/cmTC_e5fc1.dir/link.txt --verbose=1
/local/software/gcc/8.2.0/bin/g++       CMakeFiles/cmTC_e5fc1.dir/testCXXCompiler.cxx.o  -o cmTC_e5fc1 
gmake[1]: Leaving directory `/home/lyceum/rz2u19/DeepRL/build/CMakeFiles/CMakeTmp'


Detecting CXX compiler ABI info compiled with the following output:
Change Dir: /lyceum/rz2u19/DeepRL/build/CMakeFiles/CMakeTmp

Run Build Command:"/usr/bin/gmake" "cmTC_31997/fast"
/usr/bin/gmake -f CMakeFiles/cmTC_31997.dir/build.make CMakeFiles/cmTC_31997.dir/build
gmake[1]: Entering directory `/home/lyceum/rz2u19/DeepRL/build/CMakeFiles/CMakeTmp'
Building CXX object CMakeFiles/cmTC_31997.dir/CMakeCXXCompilerABI.cpp.o
/local/software/gcc/8.2.0/bin/g++     -o CMakeFiles/cmTC_31997.dir/CMakeCXXCompilerABI.cpp.o -c /home/local/software/cmake/3.8.2/share/cmake-3.8/Modules/CMakeCXXCompilerABI.cpp
Linking CXX executable cmTC_31997
/home/local/software/cmake/3.8.2/bin/cmake -E cmake_link_script CMakeFiles/cmTC_31997.dir/link.txt --verbose=1
/local/software/gcc/8.2.0/bin/g++      -v CMakeFiles/cmTC_31997.dir/CMakeCXXCompilerABI.cpp.o  -o cmTC_31997 
Using built-in specs.
COLLECT_GCC=/local/software/gcc/8.2.0/bin/g++
COLLECT_LTO_WRAPPER=/home/local/software/gcc/8.2.0/bin/../libexec/gcc/x86_64-pc-linux-gnu/8.2.0/lto-wrapper
Target: x86_64-pc-linux-gnu
Configured with: ../source/gcc-8.2.0/configure --prefix=/local/software/gcc/8.2.0/
Thread model: posix
gcc version 8.2.0 (GCC) 
COMPILER_PATH=/home/local/software/gcc/8.2.0/bin/../libexec/gcc/x86_64-pc-linux-gnu/8.2.0/:/home/local/software/gcc/8.2.0/bin/../libexec/gcc/
LIBRARY_PATH=/home/local/software/gcc/8.2.0/bin/../lib/gcc/x86_64-pc-linux-gnu/8.2.0/:/home/local/software/gcc/8.2.0/bin/../lib/gcc/:/home/local/software/gcc/8.2.0/bin/../lib/gcc/x86_64-pc-linux-gnu/8.2.0/../../../../lib64/:/lib/../lib64/:/usr/lib/../lib64/:/home/local/software/gcc/8.2.0/bin/../lib/gcc/x86_64-pc-linux-gnu/8.2.0/../../../:/lib/:/usr/lib/
COLLECT_GCC_OPTIONS='-v' '-o' 'cmTC_31997' '-shared-libgcc' '-mtune=generic' '-march=x86-64'
 /home/local/software/gcc/8.2.0/bin/../libexec/gcc/x86_64-pc-linux-gnu/8.2.0/collect2 --eh-frame-hdr -m elf_x86_64 -dynamic-linker /lib64/ld-linux-x86-64.so.2 -o cmTC_31997 /usr/lib/../lib64/crt1.o /usr/lib/../lib64/crti.o /home/local/software/gcc/8.2.0/bin/../lib/gcc/x86_64-pc-linux-gnu/8.2.0/crtbegin.o -L/home/local/software/gcc/8.2.0/bin/../lib/gcc/x86_64-pc-linux-gnu/8.2.0 -L/home/local/software/gcc/8.2.0/bin/../lib/gcc -L/home/local/software/gcc/8.2.0/bin/../lib/gcc/x86_64-pc-linux-gnu/8.2.0/../../../../lib64 -L/lib/../lib64 -L/usr/lib/../lib64 -L/home/local/software/gcc/8.2.0/bin/../lib/gcc/x86_64-pc-linux-gnu/8.2.0/../../.. CMakeFiles/cmTC_31997.dir/CMakeCXXCompilerABI.cpp.o -lstdc++ -lm -lgcc_s -lgcc -lc -lgcc_s -lgcc /home/local/software/gcc/8.2.0/bin/../lib/gcc/x86_64-pc-linux-gnu/8.2.0/crtend.o /usr/lib/../lib64/crtn.o
COLLECT_GCC_OPTIONS='-v' '-o' 'cmTC_31997' '-shared-libgcc' '-mtune=generic' '-march=x86-64'
gmake[1]: Leaving directory `/home/lyceum/rz2u19/DeepRL/build/CMakeFiles/CMakeTmp'


Parsed CXX implicit link information from above output:
  link line regex: [^( *|.*[/\])(ld|([^/\]+-)?ld|collect2)[^/\]*( |$)]
  ignore line: [Change Dir: /lyceum/rz2u19/DeepRL/build/CMakeFiles/CMakeTmp]
  ignore line: []
  ignore line: [Run Build Command:"/usr/bin/gmake" "cmTC_31997/fast"]
  ignore line: [/usr/bin/gmake -f CMakeFiles/cmTC_31997.dir/build.make CMakeFiles/cmTC_31997.dir/build]
  ignore line: [gmake[1]: Entering directory `/home/lyceum/rz2u19/DeepRL/build/CMakeFiles/CMakeTmp']
  ignore line: [Building CXX object CMakeFiles/cmTC_31997.dir/CMakeCXXCompilerABI.cpp.o]
  ignore line: [/local/software/gcc/8.2.0/bin/g++     -o CMakeFiles/cmTC_31997.dir/CMakeCXXCompilerABI.cpp.o -c /home/local/software/cmake/3.8.2/share/cmake-3.8/Modules/CMakeCXXCompilerABI.cpp]
  ignore line: [Linking CXX executable cmTC_31997]
  ignore line: [/home/local/software/cmake/3.8.2/bin/cmake -E cmake_link_script CMakeFiles/cmTC_31997.dir/link.txt --verbose=1]
  ignore line: [/local/software/gcc/8.2.0/bin/g++      -v CMakeFiles/cmTC_31997.dir/CMakeCXXCompilerABI.cpp.o  -o cmTC_31997 ]
  ignore line: [Using built-in specs.]
  ignore line: [COLLECT_GCC=/local/software/gcc/8.2.0/bin/g++]
  ignore line: [COLLECT_LTO_WRAPPER=/home/local/software/gcc/8.2.0/bin/../libexec/gcc/x86_64-pc-linux-gnu/8.2.0/lto-wrapper]
  ignore line: [Target: x86_64-pc-linux-gnu]
  ignore line: [Configured with: ../source/gcc-8.2.0/configure --prefix=/local/software/gcc/8.2.0/]
  ignore line: [Thread model: posix]
  ignore line: [gcc version 8.2.0 (GCC) ]
  ignore line: [COMPILER_PATH=/home/local/software/gcc/8.2.0/bin/../libexec/gcc/x86_64-pc-linux-gnu/8.2.0/:/home/local/software/gcc/8.2.0/bin/../libexec/gcc/]
  ignore line: [LIBRARY_PATH=/home/local/software/gcc/8.2.0/bin/../lib/gcc/x86_64-pc-linux-gnu/8.2.0/:/home/local/software/gcc/8.2.0/bin/../lib/gcc/:/home/local/software/gcc/8.2.0/bin/../lib/gcc/x86_64-pc-linux-gnu/8.2.0/../../../../lib64/:/lib/../lib64/:/usr/lib/../lib64/:/home/local/software/gcc/8.2.0/bin/../lib/gcc/x86_64-pc-linux-gnu/8.2.0/../../../:/lib/:/usr/lib/]
  ignore line: [COLLECT_GCC_OPTIONS='-v' '-o' 'cmTC_31997' '-shared-libgcc' '-mtune=generic' '-march=x86-64']
  link line: [ /home/local/software/gcc/8.2.0/bin/../libexec/gcc/x86_64-pc-linux-gnu/8.2.0/collect2 --eh-frame-hdr -m elf_x86_64 -dynamic-linker /lib64/ld-linux-x86-64.so.2 -o cmTC_31997 /usr/lib/../lib64/crt1.o /usr/lib/../lib64/crti.o /home/local/software/gcc/8.2.0/bin/../lib/gcc/x86_64-pc-linux-gnu/8.2.0/crtbegin.o -L/home/local/software/gcc/8.2.0/bin/../lib/gcc/x86_64-pc-linux-gnu/8.2.0 -L/home/local/software/gcc/8.2.0/bin/../lib/gcc -L/home/local/software/gcc/8.2.0/bin/../lib/gcc/x86_64-pc-linux-gnu/8.2.0/../../../../lib64 -L/lib/../lib64 -L/usr/lib/../lib64 -L/home/local/software/gcc/8.2.0/bin/../lib/gcc/x86_64-pc-linux-gnu/8.2.0/../../.. CMakeFiles/cmTC_31997.dir/CMakeCXXCompilerABI.cpp.o -lstdc++ -lm -lgcc_s -lgcc -lc -lgcc_s -lgcc /home/local/software/gcc/8.2.0/bin/../lib/gcc/x86_64-pc-linux-gnu/8.2.0/crtend.o /usr/lib/../lib64/crtn.o]
    arg [/home/local/software/gcc/8.2.0/bin/../libexec/gcc/x86_64-pc-linux-gnu/8.2.0/collect2] ==> ignore
    arg [--eh-frame-hdr] ==> ignore
    arg [-m] ==> ignore
    arg [elf_x86_64] ==> ignore
    arg [-dynamic-linker] ==> ignore
    arg [/lib64/ld-linux-x86-64.so.2] ==> ignore
    arg [-o] ==> ignore
    arg [cmTC_31997] ==> ignore
    arg [/usr/lib/../lib64/crt1.o] ==> ignore
    arg [/usr/lib/../lib64/crti.o] ==> ignore
    arg [/home/local/software/gcc/8.2.0/bin/../lib/gcc/x86_64-pc-linux-gnu/8.2.0/crtbegin.o] ==> ignore
    arg [-L/home/local/software/gcc/8.2.0/bin/../lib/gcc/x86_64-pc-linux-gnu/8.2.0] ==> dir [/home/local/software/gcc/8.2.0/bin/../lib/gcc/x86_64-pc-linux-gnu/8.2.0]
    arg [-L/home/local/software/gcc/8.2.0/bin/../lib/gcc] ==> dir [/home/local/software/gcc/8.2.0/bin/../lib/gcc]
    arg [-L/home/local/software/gcc/8.2.0/bin/../lib/gcc/x86_64-pc-linux-gnu/8.2.0/../../../../lib64] ==> dir [/home/local/software/gcc/8.2.0/bin/../lib/gcc/x86_64-pc-linux-gnu/8.2.0/../../../../lib64]
    arg [-L/lib/../lib64] ==> dir [/lib/../lib64]
    arg [-L/usr/lib/../lib64] ==> dir [/usr/lib/../lib64]
    arg [-L/home/local/software/gcc/8.2.0/bin/../lib/gcc/x86_64-pc-linux-gnu/8.2.0/../../..] ==> dir [/home/local/software/gcc/8.2.0/bin/../lib/gcc/x86_64-pc-linux-gnu/8.2.0/../../..]
    arg [CMakeFiles/cmTC_31997.dir/CMakeCXXCompilerABI.cpp.o] ==> ignore
    arg [-lstdc++] ==> lib [stdc++]
    arg [-lm] ==> lib [m]
    arg [-lgcc_s] ==> lib [gcc_s]
    arg [-lgcc] ==> lib [gcc]
    arg [-lc] ==> lib [c]
    arg [-lgcc_s] ==> lib [gcc_s]
    arg [-lgcc] ==> lib [gcc]
    arg [/home/local/software/gcc/8.2.0/bin/../lib/gcc/x86_64-pc-linux-gnu/8.2.0/crtend.o] ==> ignore
    arg [/usr/lib/../lib64/crtn.o] ==> ignore
  remove lib [gcc_s]
  remove lib [gcc]
  remove lib [gcc_s]
  remove lib [gcc]
  collapse library dir [/home/local/software/gcc/8.2.0/bin/../lib/gcc/x86_64-pc-linux-gnu/8.2.0] ==> [/home/local/software/gcc/8.2.0/lib/gcc/x86_64-pc-linux-gnu/8.2.0]
  collapse library dir [/home/local/software/gcc/8.2.0/bin/../lib/gcc] ==> [/home/local/software/gcc/8.2.0/lib/gcc]
  collapse library dir [/home/local/software/gcc/8.2.0/bin/../lib/gcc/x86_64-pc-linux-gnu/8.2.0/../../../../lib64] ==> [/home/local/software/gcc/8.2.0/lib64]
  collapse library dir [/lib/../lib64] ==> [/lib64]
  collapse library dir [/usr/lib/../lib64] ==> [/usr/lib64]
  collapse library dir [/home/local/software/gcc/8.2.0/bin/../lib/gcc/x86_64-pc-linux-gnu/8.2.0/../../..] ==> [/home/local/software/gcc/8.2.0/lib]
  implicit libs: [stdc++;m;c]
  implicit dirs: [/home/local/software/gcc/8.2.0/lib/gcc/x86_64-pc-linux-gnu/8.2.0;/home/local/software/gcc/8.2.0/lib/gcc;/home/local/software/gcc/8.2.0/lib64;/lib64;/usr/lib64;/home/local/software/gcc/8.2.0/lib]
  implicit fwks: []




Detecting CXX [-std=c++1z] compiler features compiled with the following output:
Change Dir: /lyceum/rz2u19/DeepRL/build/CMakeFiles/CMakeTmp

Run Build Command:"/usr/bin/gmake" "cmTC_59be4/fast"
/usr/bin/gmake -f CMakeFiles/cmTC_59be4.dir/build.make CMakeFiles/cmTC_59be4.dir/build
gmake[1]: Entering directory `/home/lyceum/rz2u19/DeepRL/build/CMakeFiles/CMakeTmp'
Building CXX object CMakeFiles/cmTC_59be4.dir/feature_tests.cxx.o
/local/software/gcc/8.2.0/bin/g++    -std=c++1z -o CMakeFiles/cmTC_59be4.dir/feature_tests.cxx.o -c /lyceum/rz2u19/DeepRL/build/CMakeFiles/feature_tests.cxx
Linking CXX executable cmTC_59be4
/home/local/software/cmake/3.8.2/bin/cmake -E cmake_link_script CMakeFiles/cmTC_59be4.dir/link.txt --verbose=1
/local/software/gcc/8.2.0/bin/g++       CMakeFiles/cmTC_59be4.dir/feature_tests.cxx.o  -o cmTC_59be4 
gmake[1]: Leaving directory `/home/lyceum/rz2u19/DeepRL/build/CMakeFiles/CMakeTmp'


    Feature record: CXX_FEATURE:1cxx_aggregate_default_initializers
    Feature record: CXX_FEATURE:1cxx_alias_templates
    Feature record: CXX_FEATURE:1cxx_alignas
    Feature record: CXX_FEATURE:1cxx_alignof
    Feature record: CXX_FEATURE:1cxx_attributes
    Feature record: CXX_FEATURE:1cxx_attribute_deprecated
    Feature record: CXX_FEATURE:1cxx_auto_type
    Feature record: CXX_FEATURE:1cxx_binary_literals
    Feature record: CXX_FEATURE:1cxx_constexpr
    Feature record: CXX_FEATURE:1cxx_contextual_conversions
    Feature record: CXX_FEATURE:1cxx_decltype
    Feature record: CXX_FEATURE:1cxx_decltype_auto
    Feature record: CXX_FEATURE:1cxx_decltype_incomplete_return_types
    Feature record: CXX_FEATURE:1cxx_default_function_template_args
    Feature record: CXX_FEATURE:1cxx_defaulted_functions
    Feature record: CXX_FEATURE:1cxx_defaulted_move_initializers
    Feature record: CXX_FEATURE:1cxx_delegating_constructors
    Feature record: CXX_FEATURE:1cxx_deleted_functions
    Feature record: CXX_FEATURE:1cxx_digit_separators
    Feature record: CXX_FEATURE:1cxx_enum_forward_declarations
    Feature record: CXX_FEATURE:1cxx_explicit_conversions
    Feature record: CXX_FEATURE:1cxx_extended_friend_declarations
    Feature record: CXX_FEATURE:1cxx_extern_templates
    Feature record: CXX_FEATURE:1cxx_final
    Feature record: CXX_FEATURE:1cxx_func_identifier
    Feature record: CXX_FEATURE:1cxx_generalized_initializers
    Feature record: CXX_FEATURE:1cxx_generic_lambdas
    Feature record: CXX_FEATURE:1cxx_inheriting_constructors
    Feature record: CXX_FEATURE:1cxx_inline_namespaces
    Feature record: CXX_FEATURE:1cxx_lambdas
    Feature record: CXX_FEATURE:1cxx_lambda_init_captures
    Feature record: CXX_FEATURE:1cxx_local_type_template_args
    Feature record: CXX_FEATURE:1cxx_long_long_type
    Feature record: CXX_FEATURE:1cxx_noexcept
    Feature record: CXX_FEATURE:1cxx_nonstatic_member_init
    Feature record: CXX_FEATURE:1cxx_nullptr
    Feature record: CXX_FEATURE:1cxx_override
    Feature record: CXX_FEATURE:1cxx_range_for
    Feature record: CXX_FEATURE:1cxx_raw_string_literals
    Feature record: CXX_FEATURE:1cxx_reference_qualified_functions
    Feature record: CXX_FEATURE:1cxx_relaxed_constexpr
    Feature record: CXX_FEATURE:1cxx_return_type_deduction
    Feature record: CXX_FEATURE:1cxx_right_angle_brackets
    Feature record: CXX_FEATURE:1cxx_rvalue_references
    Feature record: CXX_FEATURE:1cxx_sizeof_member
    Feature record: CXX_FEATURE:1cxx_static_assert
    Feature record: CXX_FEATURE:1cxx_strong_enums
    Feature record: CXX_FEATURE:1cxx_template_template_parameters
    Feature record: CXX_FEATURE:1cxx_thread_local
    Feature record: CXX_FEATURE:1cxx_trailing_return_types
    Feature record: CXX_FEATURE:1cxx_unicode_literals
    Feature record: CXX_FEATURE:1cxx_uniform_initialization
    Feature record: CXX_FEATURE:1cxx_unrestricted_unions
    Feature record: CXX_FEATURE:1cxx_user_literals
    Feature record: CXX_FEATURE:1cxx_variable_templates
    Feature record: CXX_FEATURE:1cxx_variadic_macros
    Feature record: CXX_FEATURE:1cxx_variadic_templates


Detecting CXX [-std=c++14] compiler features compiled with the following output:
Change Dir: /lyceum/rz2u19/DeepRL/build/CMakeFiles/CMakeTmp

Run Build Command:"/usr/bin/gmake" "cmTC_d14f7/fast"
/usr/bin/gmake -f CMakeFiles/cmTC_d14f7.dir/build.make CMakeFiles/cmTC_d14f7.dir/build
gmake[1]: Entering directory `/home/lyceum/rz2u19/DeepRL/build/CMakeFiles/CMakeTmp'
Building CXX object CMakeFiles/cmTC_d14f7.dir/feature_tests.cxx.o
/local/software/gcc/8.2.0/bin/g++    -std=c++14 -o CMakeFiles/cmTC_d14f7.dir/feature_tests.cxx.o -c /lyceum/rz2u19/DeepRL/build/CMakeFiles/feature_tests.cxx
Linking CXX executable cmTC_d14f7
/home/local/software/cmake/3.8.2/bin/cmake -E cmake_link_script CMakeFiles/cmTC_d14f7.dir/link.txt --verbose=1
/local/software/gcc/8.2.0/bin/g++       CMakeFiles/cmTC_d14f7.dir/feature_tests.cxx.o  -o cmTC_d14f7 
gmake[1]: Leaving directory `/home/lyceum/rz2u19/DeepRL/build/CMakeFiles/CMakeTmp'


    Feature record: CXX_FEATURE:1cxx_aggregate_default_initializers
    Feature record: CXX_FEATURE:1cxx_alias_templates
    Feature record: CXX_FEATURE:1cxx_alignas
    Feature record: CXX_FEATURE:1cxx_alignof
    Feature record: CXX_FEATURE:1cxx_attributes
    Feature record: CXX_FEATURE:1cxx_attribute_deprecated
    Feature record: CXX_FEATURE:1cxx_auto_type
    Feature record: CXX_FEATURE:1cxx_binary_literals
    Feature record: CXX_FEATURE:1cxx_constexpr
    Feature record: CXX_FEATURE:1cxx_contextual_conversions
    Feature record: CXX_FEATURE:1cxx_decltype
    Feature record: CXX_FEATURE:1cxx_decltype_auto
    Feature record: CXX_FEATURE:1cxx_decltype_incomplete_return_types
    Feature record: CXX_FEATURE:1cxx_default_function_template_args
    Feature record: CXX_FEATURE:1cxx_defaulted_functions
    Feature record: CXX_FEATURE:1cxx_defaulted_move_initializers
    Feature record: CXX_FEATURE:1cxx_delegating_constructors
    Feature record: CXX_FEATURE:1cxx_deleted_functions
    Feature record: CXX_FEATURE:1cxx_digit_separators
    Feature record: CXX_FEATURE:1cxx_enum_forward_declarations
    Feature record: CXX_FEATURE:1cxx_explicit_conversions
    Feature record: CXX_FEATURE:1cxx_extended_friend_declarations
    Feature record: CXX_FEATURE:1cxx_extern_templates
    Feature record: CXX_FEATURE:1cxx_final
    Feature record: CXX_FEATURE:1cxx_func_identifier
    Feature record: CXX_FEATURE:1cxx_generalized_initializers
    Feature record: CXX_FEATURE:1cxx_generic_lambdas
    Feature record: CXX_FEATURE:1cxx_inheriting_constructors
    Feature record: CXX_FEATURE:1cxx_inline_namespaces
    Feature record: CXX_FEATURE:1cxx_lambdas
    Feature record: CXX_FEATURE:1cxx_lambda_init_captures
    Feature record: CXX_FEATURE:1cxx_local_type_template_args
    Feature record: CXX_FEATURE:1cxx_long_long_type
    Feature record: CXX_FEATURE:1cxx_noexcept
    Feature record: CXX_FEATURE:1cxx_nonstatic_member_init
    Feature record: CXX_FEATURE:1cxx_nullptr
    Feature record: CXX_FEATURE:1cxx_override
    Feature record: CXX_FEATURE:1cxx_range_for
    Feature record: CXX_FEATURE:1cxx_raw_string_literals
    Feature record: CXX_FEATURE:1cxx_reference_qualified_functions
    Feature record: CXX_FEATURE:1cxx_relaxed_constexpr
    Feature record: CXX_FEATURE:1cxx_return_type_deduction
    Feature record: CXX_FEATURE:1cxx_right_angle_brackets
    Feature record: CXX_FEATURE:1cxx_rvalue_references
    Feature record: CXX_FEATURE:1cxx_sizeof_member
    Feature record: CXX_FEATURE:1cxx_static_assert
    Feature record: CXX_FEATURE:1cxx_strong_enums
    Feature record: CXX_FEATURE:1cxx_template_template_parameters
    Feature record: CXX_FEATURE:1cxx_thread_local
    Feature record: CXX_FEATURE:1cxx_trailing_return_types
    Feature record: CXX_FEATURE:1cxx_unicode_literals
    Feature record: CXX_FEATURE:1cxx_uniform_initialization
    Feature record: CXX_FEATURE:1cxx_unrestricted_unions
    Feature record: CXX_FEATURE:1cxx_user_literals
    Feature record: CXX_FEATURE:1cxx_variable_templates
    Feature record: CXX_FEATURE:1cxx_variadic_macros
    Feature record: CXX_FEATURE:1cxx_variadic_templates


Detecting CXX [-std=c++11] compiler features compiled with the following output:
Change Dir: /lyceum/rz2u19/DeepRL/build/CMakeFiles/CMakeTmp

Run Build Command:"/usr/bin/gmake" "cmTC_94e20/fast"
/usr/bin/gmake -f CMakeFiles/cmTC_94e20.dir/build.make CMakeFiles/cmTC_94e20.dir/build
gmake[1]: Entering directory `/home/lyceum/rz2u19/DeepRL/build/CMakeFiles/CMakeTmp'
Building CXX object CMakeFiles/cmTC_94e20.dir/feature_tests.cxx.o
/local/software/gcc/8.2.0/bin/g++    -std=c++11 -o CMakeFiles/cmTC_94e20.dir/feature_tests.cxx.o -c /lyceum/rz2u19/DeepRL/build/CMakeFiles/feature_tests.cxx
Linking CXX executable cmTC_94e20
/home/local/software/cmake/3.8.2/bin/cmake -E cmake_link_script CMakeFiles/cmTC_94e20.dir/link.txt --verbose=1
/local/software/gcc/8.2.0/bin/g++       CMakeFiles/cmTC_94e20.dir/feature_tests.cxx.o  -o cmTC_94e20 
gmake[1]: Leaving directory `/home/lyceum/rz2u19/DeepRL/build/CMakeFiles/CMakeTmp'


    Feature record: CXX_FEATURE:0cxx_aggregate_default_initializers
    Feature record: CXX_FEATURE:1cxx_alias_templates
    Feature record: CXX_FEATURE:1cxx_alignas
    Feature record: CXX_FEATURE:1cxx_alignof
    Feature record: CXX_FEATURE:1cxx_attributes
    Feature record: CXX_FEATURE:0cxx_attribute_deprecated
    Feature record: CXX_FEATURE:1cxx_auto_type
    Feature record: CXX_FEATURE:0cxx_binary_literals
    Feature record: CXX_FEATURE:1cxx_constexpr
    Feature record: CXX_FEATURE:0cxx_contextual_conversions
    Feature record: CXX_FEATURE:1cxx_decltype
    Feature record: CXX_FEATURE:0cxx_decltype_auto
    Feature record: CXX_FEATURE:1cxx_decltype_incomplete_return_types
    Feature record: CXX_FEATURE:1cxx_default_function_template_args
    Feature record: CXX_FEATURE:1cxx_defaulted_functions
    Feature record: CXX_FEATURE:1cxx_defaulted_move_initializers
    Feature record: CXX_FEATURE:1cxx_delegating_constructors
    Feature record: CXX_FEATURE:1cxx_deleted_functions
    Feature record: CXX_FEATURE:0cxx_digit_separators
    Feature record: CXX_FEATURE:1cxx_enum_forward_declarations
    Feature record: CXX_FEATURE:1cxx_explicit_conversions
    Feature record: CXX_FEATURE:1cxx_extended_friend_declarations
    Feature record: CXX_FEATURE:1cxx_extern_templates
    Feature record: CXX_FEATURE:1cxx_final
    Feature record: CXX_FEATURE:1cxx_func_identifier
    Feature record: CXX_FEATURE:1cxx_generalized_initializers
    Feature record: CXX_FEATURE:0cxx_generic_lambdas
    Feature record: CXX_FEATURE:1cxx_inheriting_constructors
    Feature record: CXX_FEATURE:1cxx_inline_namespaces
    Feature record: CXX_FEATURE:1cxx_lambdas
    Feature record: CXX_FEATURE:0cxx_lambda_init_captures
    Feature record: CXX_FEATURE:1cxx_local_type_template_args
    Feature record: CXX_FEATURE:1cxx_long_long_type
    Feature record: CXX_FEATURE:1cxx_noexcept
    Feature record: CXX_FEATURE:1cxx_nonstatic_member_init
    Feature record: CXX_FEATURE:1cxx_nullptr
    Feature record: CXX_FEATURE:1cxx_override
    Feature record: CXX_FEATURE:1cxx_range_for
    Feature record: CXX_FEATURE:1cxx_raw_string_literals
    Feature record: CXX_FEATURE:1cxx_reference_qualified_functions
    Feature record: CXX_FEATURE:0cxx_relaxed_constexpr
    Feature record: CXX_FEATURE:0cxx_return_type_deduction
    Feature record: CXX_FEATURE:1cxx_right_angle_brackets
    Feature record: CXX_FEATURE:1cxx_rvalue_references
    Feature record: CXX_FEATURE:1cxx_sizeof_member
    Feature record: CXX_FEATURE:1cxx_static_assert
    Feature record: CXX_FEATURE:1cxx_strong_enums
    Feature record: CXX_FEATURE:1cxx_template_template_parameters
    Feature record: CXX_FEATURE:1cxx_thread_local
    Feature record: CXX_FEATURE:1cxx_trailing_return_types
    Feature record: CXX_FEATURE:1cxx_unicode_literals
    Feature record: CXX_FEATURE:1cxx_uniform_initialization
    Feature record: CXX_FEATURE:1cxx_unrestricted_unions
    Feature record: CXX_FEATURE:1cxx_user_literals
    Feature record: CXX_FEATURE:0cxx_variable_templates
    Feature record: CXX_FEATURE:1cxx_variadic_macros
    Feature record: CXX_FEATURE:1cxx_variadic_templates


Detecting CXX [-std=c++98] compiler features compiled with the following output:
Change Dir: /lyceum/rz2u19/DeepRL/build/CMakeFiles/CMakeTmp

Run Build Command:"/usr/bin/gmake" "cmTC_b63fe/fast"
/usr/bin/gmake -f CMakeFiles/cmTC_b63fe.dir/build.make CMakeFiles/cmTC_b63fe.dir/build
gmake[1]: Entering directory `/home/lyceum/rz2u19/DeepRL/build/CMakeFiles/CMakeTmp'
Building CXX object CMakeFiles/cmTC_b63fe.dir/feature_tests.cxx.o
/local/software/gcc/8.2.0/bin/g++    -std=c++98 -o CMakeFiles/cmTC_b63fe.dir/feature_tests.cxx.o -c /lyceum/rz2u19/DeepRL/build/CMakeFiles/feature_tests.cxx
Linking CXX executable cmTC_b63fe
/home/local/software/cmake/3.8.2/bin/cmake -E cmake_link_script CMakeFiles/cmTC_b63fe.dir/link.txt --verbose=1
/local/software/gcc/8.2.0/bin/g++       CMakeFiles/cmTC_b63fe.dir/feature_tests.cxx.o  -o cmTC_b63fe 
gmake[1]: Leaving directory `/home/lyceum/rz2u19/DeepRL/build/CMakeFiles/CMakeTmp'


    Feature record: CXX_FEATURE:0cxx_aggregate_default_initializers
    Feature record: CXX_FEATURE:0cxx_alias_templates
    Feature record: CXX_FEATURE:0cxx_alignas
    Feature record: CXX_FEATURE:0cxx_alignof
    Feature record: CXX_FEATURE:0cxx_attributes
    Feature record: CXX_FEATURE:0cxx_attribute_deprecated
    Feature record: CXX_FEATURE:0cxx_auto_type
    Feature record: CXX_FEATURE:0cxx_binary_literals
    Feature record: CXX_FEATURE:0cxx_constexpr
    Feature record: CXX_FEATURE:0cxx_contextual_conversions
    Feature record: CXX_FEATURE:0cxx_decltype
    Feature record: CXX_FEATURE:0cxx_decltype_auto
    Feature record: CXX_FEATURE:0cxx_decltype_incomplete_return_types
    Feature record: CXX_FEATURE:0cxx_default_function_template_args
    Feature record: CXX_FEATURE:0cxx_defaulted_functions
    Feature record: CXX_FEATURE:0cxx_defaulted_move_initializers
    Feature record: CXX_FEATURE:0cxx_delegating_constructors
    Feature record: CXX_FEATURE:0cxx_deleted_functions
    Feature record: CXX_FEATURE:0cxx_digit_separators
    Feature record: CXX_FEATURE:0cxx_enum_forward_declarations
    Feature record: CXX_FEATURE:0cxx_explicit_conversions
    Feature record: CXX_FEATURE:0cxx_extended_friend_declarations
    Feature record: CXX_FEATURE:0cxx_extern_templates
    Feature record: CXX_FEATURE:0cxx_final
    Feature record: CXX_FEATURE:0cxx_func_identifier
    Feature record: CXX_FEATURE:0cxx_generalized_initializers
    Feature record: CXX_FEATURE:0cxx_generic_lambdas
    Feature record: CXX_FEATURE:0cxx_inheriting_constructors
    Feature record: CXX_FEATURE:0cxx_inline_namespaces
    Feature record: CXX_FEATURE:0cxx_lambdas
    Feature record: CXX_FEATURE:0cxx_lambda_init_captures
    Feature record: CXX_FEATURE:0cxx_local_type_template_args
    Feature record: CXX_FEATURE:0cxx_long_long_type
    Feature record: CXX_FEATURE:0cxx_noexcept
    Feature record: CXX_FEATURE:0cxx_nonstatic_member_init
    Feature record: CXX_FEATURE:0cxx_nullptr
    Feature record: CXX_FEATURE:0cxx_override
    Feature record: CXX_FEATURE:0cxx_range_for
    Feature record: CXX_FEATURE:0cxx_raw_string_literals
    Feature record: CXX_FEATURE:0cxx_reference_qualified_functions
    Feature record: CXX_FEATURE:0cxx_relaxed_constexpr
    Feature record: CXX_FEATURE:0cxx_return_type_deduction
    Feature record: CXX_FEATURE:0cxx_right_angle_brackets
    Feature record: CXX_FEATURE:0cxx_rvalue_references
    Feature record: CXX_FEATURE:0cxx_sizeof_member
    Feature record: CXX_FEATURE:0cxx_static_assert
    Feature record: CXX_FEATURE:0cxx_strong_enums
    Feature record: CXX_FEATURE:1cxx_template_template_parameters
    Feature record: CXX_FEATURE:0cxx_thread_local
    Feature record: CXX_FEATURE:0cxx_trailing_return_types
    Feature record: CXX_FEATURE:0cxx_unicode_literals
    Feature record: CXX_FEATURE:0cxx_uniform_initialization
    Feature record: CXX_FEATURE:0cxx_unrestricted_unions
    Feature record: CXX_FEATURE:0cxx_user_literals
    Feature record: CXX_FEATURE:0cxx_variable_templates
    Feature record: CXX_FEATURE:0cxx_variadic_macros
    Feature record: CXX_FEATURE:0cxx_variadic_templates
